c:\project_vs17\dx_11_practice\dx_practice\debug_framework\framework.pch
c:\project_vs17\dx_11_practice\dx_practice\debug_framework\framework.pdb
c:\project_vs17\dx_11_practice\dx_practice\debug_framework\framework.idb
c:\project_vs17\dx_11_practice\dx_practice\debug_framework\framework.obj
c:\project_vs17\dx_11_practice\dx_practice\debug_framework\context.obj
c:\project_vs17\dx_11_practice\dx_practice\debug_framework\string.obj
c:\project_vs17\dx_11_practice\dx_practice\debug_framework\mouse.obj
c:\project_vs17\dx_11_practice\dx_practice\debug_framework\xml.obj
c:\project_vs17\dx_11_practice\dx_practice\debug_framework\keyboard.obj
c:\project_vs17\dx_11_practice\dx_practice\debug_framework\projection.obj
c:\project_vs17\dx_11_practice\dx_practice\debug_framework\binaryfile.obj
c:\project_vs17\dx_11_practice\dx_practice\debug_framework\gui.obj
c:\project_vs17\dx_11_practice\dx_practice\debug_framework\path.obj
c:\project_vs17\dx_11_practice\dx_practice\debug_framework\time.obj
c:\project_vs17\dx_11_practice\dx_practice\debug_framework\d3d.obj
c:\project_vs17\dx_11_practice\dx_practice\debug_framework\orthographic.obj
c:\project_vs17\dx_11_practice\dx_practice\debug_framework\viewport.obj
c:\project_vs17\dx_11_practice\dx_practice\debug_framework\texture.obj
c:\project_vs17\dx_11_practice\dx_practice\debug_framework\window.obj
c:\project_vs17\dx_11_practice\dx_practice\debug_framework\shader.obj
c:\project_vs17\dx_11_practice\dx_practice\debug_framework\math.obj
c:\project_vs17\dx_11_practice\dx_practice\debug_framework\perspective.obj
c:\project_vs17\dx_11_practice\dx_practice\debug\framework.lib
c:\project_vs17\dx_11_practice\dx_practice\debug\framework.pdb
c:\project_vs17\dx_11_practice\dx_practice\debug_framework\framework.tlog\cl.command.1.tlog
c:\project_vs17\dx_11_practice\dx_practice\debug_framework\framework.tlog\cl.read.1.tlog
c:\project_vs17\dx_11_practice\dx_practice\debug_framework\framework.tlog\cl.write.1.tlog
c:\project_vs17\dx_11_practice\dx_practice\debug_framework\framework.tlog\lib-link.read.1.tlog
c:\project_vs17\dx_11_practice\dx_practice\debug_framework\framework.tlog\lib-link.write.1.tlog
c:\project_vs17\dx_11_practice\dx_practice\debug_framework\framework.tlog\lib.command.1.tlog
